2017-09-25 13:21:53,238 - INFO - Beginning execution of dms2_bcsubamp in directory /home/adingens

2017-09-25 13:21:53,238 - INFO - Progress is being logged to ./results/codoncounts/BF520-M1-112-2-C11-0-56uM.log
2017-09-25 13:21:54,734 - INFO - Version information:
	Time and date: Mon Sep 25 13:21:53 2017
	Platform: Linux-4.4.0-96-generic-x86_64-with-debian-stretch-sid
	Python version: 3.6.1 |Continuum Analytics, Inc.| (default, May 11 2017, 13:09:58)  [GCC 4.4.7 20120313 (Red Hat 4.4.7-1)]
	dms_tools2 version: 2.0a0
	Bio version: 1.70
	HTSeq version: 0.9.1
	pandas version: 0.20.3
	numpy version: 1.13.1
	IPython version: 6.2.0
	matplotlib version: 2.0.2
	plotnine version: 0.2.1
	natsort version: 5.1.0
	pystan version: 2.16.0.0
	scipy version: 0.19.1
	seaborn version: 0.8.1
	phydmslib version: 2.1.2
	jupyter version: 1.0.0

2017-09-25 13:21:54,734 - INFO - Parsed the following arguments:
	outdir = ./results/codoncounts
	ncpus = -1
	use_existing = yes
	refseq = ./data/BF520c2-Env.fasta
	alignspecs = ['88,417,40,39', '418,753,39,35', '754,1092,36,39', '1093,1447,35,29', '1407,1758,35,32', '1759,2097,30,36']
	bclen = 8
	fastqdir = ./FASTQ_FILES/
	R2 = None
	R1trim = [232]
	R2trim = [185]
	chartype = codon
	maxmuts = 4
	minq = 15
	minreads = 2
	minfraccall = 0.95
	minconcur = 0.75
	purgeread = 0
	purgebc = 0
	bcinfo = False
	name = BF520-M1-112-2-C11-0-56uM
	R1 = ['BF520-M1-112-2-C11-0-56uM_S6_L001_R1_001.fastq.gz']

2017-09-25 13:21:54,741 - INFO - Read refseq of 2559 codons from ./data/BF520c2-Env.fasta
2017-09-25 13:21:54,741 - INFO - Reads are in these FASTQ pairs:
	./FASTQ_FILES/BF520-M1-112-2-C11-0-56uM_S6_L001_R1_001.fastq.gz and ./FASTQ_FILES/BF520-M1-112-2-C11-0-56uM_S6_L001_R2_001.fastq.gz

2017-09-25 13:21:54,741 - INFO - Now parsing read pairs...
2017-09-25 13:22:07,934 - INFO - Reads parsed so far: 500000
2017-09-25 13:22:21,010 - INFO - Reads parsed so far: 1000000
2017-09-25 13:22:33,411 - INFO - Reads parsed so far: 1500000
2017-09-25 13:22:46,301 - INFO - Reads parsed so far: 2000000
2017-09-25 13:22:58,710 - INFO - Reads parsed so far: 2500000
2017-09-25 13:23:05,437 - INFO - Parsed 2774973 reads, found 786813 unique barcodes.
2017-09-25 13:23:05,440 - INFO - Summary stats on reads:
fail filter  low Q barcode    total
          0            879  2774973
2017-09-25 13:23:05,440 - INFO - Writing these stats to ./results/codoncounts/BF520-M1-112-2-C11-0-56uM_readstats.csv

2017-09-25 13:23:05,765 - INFO - Number of reads per barcode:
                 number of barcodes
number of reads                    
1                            266472
2                            113483
3                             97467
4                             80002
5                             63200
6                             48366
7                             35818
8                             26071
9                             18781
10                            13049
11                             8890
12                             5675
13                             3770
14                             2434
15                             1433
16                              792
17                              513
18                              285
19                              156
20                               73
21                               42
22                               20
23                               11
24                                6
25                                3
26                                1
2017-09-25 13:23:05,765 - INFO - Writing these stats to ./results/codoncounts/BF520-M1-112-2-C11-0-56uM_readsperbc.csv

2017-09-25 13:23:05,766 - INFO - Examining the 786813 barcodes to build and align subamplicons...
2017-09-25 13:23:22,092 - INFO - Barcodes examined so far: 200000
2017-09-25 13:23:36,812 - INFO - Barcodes examined so far: 400000
2017-09-25 13:23:48,438 - INFO - Barcodes examined so far: 600000
2017-09-25 13:23:52,702 - INFO - Examined all barcodes. Summary stats:
aligned  not alignable  too few reads   total
 490018          30323         266472  786813
2017-09-25 13:23:52,702 - INFO - Writing these stats to ./results/codoncounts/BF520-M1-112-2-C11-0-56uM_bcstats.csv

2017-09-25 13:23:52,718 - INFO - Writing the counts of each codon identity at each site to ./results/codoncounts/BF520-M1-112-2-C11-0-56uM_codoncounts.csv

2017-09-25 13:23:52,749 - INFO - Successful completion of dms2_bcsubamp
