2017-09-25 13:21:53,223 - INFO - Beginning execution of dms2_bcsubamp in directory /home/adingens

2017-09-25 13:21:53,223 - INFO - Progress is being logged to ./results/codoncounts/BF520-M1-6-1-G2-0-17uM.log
2017-09-25 13:21:54,717 - INFO - Version information:
	Time and date: Mon Sep 25 13:21:53 2017
	Platform: Linux-4.4.0-96-generic-x86_64-with-debian-stretch-sid
	Python version: 3.6.1 |Continuum Analytics, Inc.| (default, May 11 2017, 13:09:58)  [GCC 4.4.7 20120313 (Red Hat 4.4.7-1)]
	dms_tools2 version: 2.0a0
	Bio version: 1.70
	HTSeq version: 0.9.1
	pandas version: 0.20.3
	numpy version: 1.13.1
	IPython version: 6.2.0
	matplotlib version: 2.0.2
	plotnine version: 0.2.1
	natsort version: 5.1.0
	pystan version: 2.16.0.0
	scipy version: 0.19.1
	seaborn version: 0.8.1
	phydmslib version: 2.1.2
	jupyter version: 1.0.0

2017-09-25 13:21:54,717 - INFO - Parsed the following arguments:
	outdir = ./results/codoncounts
	ncpus = -1
	use_existing = yes
	refseq = ./data/BF520c2-Env.fasta
	alignspecs = ['88,417,40,39', '418,753,39,35', '754,1092,36,39', '1093,1447,35,29', '1407,1758,35,32', '1759,2097,30,36']
	bclen = 8
	fastqdir = ./FASTQ_FILES/
	R2 = None
	R1trim = [232]
	R2trim = [185]
	chartype = codon
	maxmuts = 4
	minq = 15
	minreads = 2
	minfraccall = 0.95
	minconcur = 0.75
	purgeread = 0
	purgebc = 0
	bcinfo = False
	name = BF520-M1-6-1-G2-0-17uM
	R1 = ['BF520-M1-6-1-G2-0-17uM_S3_L001_R1_001.fastq.gz']

2017-09-25 13:21:54,724 - INFO - Read refseq of 2559 codons from ./data/BF520c2-Env.fasta
2017-09-25 13:21:54,724 - INFO - Reads are in these FASTQ pairs:
	./FASTQ_FILES/BF520-M1-6-1-G2-0-17uM_S3_L001_R1_001.fastq.gz and ./FASTQ_FILES/BF520-M1-6-1-G2-0-17uM_S3_L001_R2_001.fastq.gz

2017-09-25 13:21:54,724 - INFO - Now parsing read pairs...
2017-09-25 13:22:08,482 - INFO - Reads parsed so far: 500000
2017-09-25 13:22:21,056 - INFO - Reads parsed so far: 1000000
2017-09-25 13:22:34,395 - INFO - Reads parsed so far: 1500000
2017-09-25 13:22:40,820 - INFO - Parsed 1769920 reads, found 1142414 unique barcodes.
2017-09-25 13:22:40,823 - INFO - Summary stats on reads:
fail filter  low Q barcode    total
          0            523  1769920
2017-09-25 13:22:40,823 - INFO - Writing these stats to ./results/codoncounts/BF520-M1-6-1-G2-0-17uM_readstats.csv

2017-09-25 13:22:41,258 - INFO - Number of reads per barcode:
                 number of barcodes
number of reads                    
1                            722381
2                            270706
3                            105557
4                             32906
5                              8449
6                              1964
7                               352
8                                80
9                                15
10                                3
11                                1
2017-09-25 13:22:41,259 - INFO - Writing these stats to ./results/codoncounts/BF520-M1-6-1-G2-0-17uM_readsperbc.csv

2017-09-25 13:22:41,259 - INFO - Examining the 1142414 barcodes to build and align subamplicons...
2017-09-25 13:22:51,118 - INFO - Barcodes examined so far: 200000
2017-09-25 13:22:59,879 - INFO - Barcodes examined so far: 400000
2017-09-25 13:23:07,388 - INFO - Barcodes examined so far: 600000
2017-09-25 13:23:13,122 - INFO - Barcodes examined so far: 800000
2017-09-25 13:23:16,693 - INFO - Barcodes examined so far: 1000000
2017-09-25 13:23:17,594 - INFO - Examined all barcodes. Summary stats:
aligned  not alignable  too few reads    total
 389062          30971         722381  1142414
2017-09-25 13:23:17,594 - INFO - Writing these stats to ./results/codoncounts/BF520-M1-6-1-G2-0-17uM_bcstats.csv

2017-09-25 13:23:17,609 - INFO - Writing the counts of each codon identity at each site to ./results/codoncounts/BF520-M1-6-1-G2-0-17uM_codoncounts.csv

2017-09-25 13:23:17,640 - INFO - Successful completion of dms2_bcsubamp
