2017-09-25 13:21:53,256 - INFO - Beginning execution of dms2_bcsubamp in directory /home/adingens

2017-09-25 13:21:53,256 - INFO - Progress is being logged to ./results/codoncounts/BF520-M1-PGT151-1ug.log
2017-09-25 13:21:54,779 - INFO - Version information:
	Time and date: Mon Sep 25 13:21:53 2017
	Platform: Linux-4.4.0-96-generic-x86_64-with-debian-stretch-sid
	Python version: 3.6.1 |Continuum Analytics, Inc.| (default, May 11 2017, 13:09:58)  [GCC 4.4.7 20120313 (Red Hat 4.4.7-1)]
	dms_tools2 version: 2.0a0
	Bio version: 1.70
	HTSeq version: 0.9.1
	pandas version: 0.20.3
	numpy version: 1.13.1
	IPython version: 6.2.0
	matplotlib version: 2.0.2
	plotnine version: 0.2.1
	natsort version: 5.1.0
	pystan version: 2.16.0.0
	scipy version: 0.19.1
	seaborn version: 0.8.1
	phydmslib version: 2.1.2
	jupyter version: 1.0.0

2017-09-25 13:21:54,779 - INFO - Parsed the following arguments:
	outdir = ./results/codoncounts
	ncpus = -1
	use_existing = yes
	refseq = ./data/BF520c2-Env.fasta
	alignspecs = ['88,417,40,39', '418,753,39,35', '754,1092,36,39', '1093,1447,35,29', '1407,1758,35,32', '1759,2097,30,36']
	bclen = 8
	fastqdir = ./FASTQ_FILES/
	R2 = None
	R1trim = [232]
	R2trim = [185]
	chartype = codon
	maxmuts = 4
	minq = 15
	minreads = 2
	minfraccall = 0.95
	minconcur = 0.75
	purgeread = 0
	purgebc = 0
	bcinfo = False
	name = BF520-M1-PGT151-1ug
	R1 = ['BF520-M1-PGT151-1ug_S7_L001_R1_001.fastq.gz']

2017-09-25 13:21:54,787 - INFO - Read refseq of 2559 codons from ./data/BF520c2-Env.fasta
2017-09-25 13:21:54,787 - INFO - Reads are in these FASTQ pairs:
	./FASTQ_FILES/BF520-M1-PGT151-1ug_S7_L001_R1_001.fastq.gz and ./FASTQ_FILES/BF520-M1-PGT151-1ug_S7_L001_R2_001.fastq.gz

2017-09-25 13:21:54,787 - INFO - Now parsing read pairs...
2017-09-25 13:22:07,750 - INFO - Reads parsed so far: 500000
2017-09-25 13:22:20,655 - INFO - Reads parsed so far: 1000000
2017-09-25 13:22:33,418 - INFO - Reads parsed so far: 1500000
2017-09-25 13:22:46,072 - INFO - Reads parsed so far: 2000000
2017-09-25 13:22:55,096 - INFO - Parsed 2368629 reads, found 882822 unique barcodes.
2017-09-25 13:22:55,099 - INFO - Summary stats on reads:
fail filter  low Q barcode    total
          0            709  2368629
2017-09-25 13:22:55,099 - INFO - Writing these stats to ./results/codoncounts/BF520-M1-PGT151-1ug_readstats.csv

2017-09-25 13:22:55,451 - INFO - Number of reads per barcode:
                 number of barcodes
number of reads                    
1                            325577
2                            173674
3                            138887
4                            100128
5                             65217
6                             38454
7                             21192
8                             10781
9                              5122
10                             2264
11                              955
12                              359
13                              135
14                               51
15                               19
16                                4
17                                2
18                                1
2017-09-25 13:22:55,451 - INFO - Writing these stats to ./results/codoncounts/BF520-M1-PGT151-1ug_readsperbc.csv

2017-09-25 13:22:55,452 - INFO - Examining the 882822 barcodes to build and align subamplicons...
2017-09-25 13:23:10,138 - INFO - Barcodes examined so far: 200000
2017-09-25 13:23:23,702 - INFO - Barcodes examined so far: 400000
2017-09-25 13:23:35,249 - INFO - Barcodes examined so far: 600000
2017-09-25 13:23:42,526 - INFO - Barcodes examined so far: 800000
2017-09-25 13:23:43,373 - INFO - Examined all barcodes. Summary stats:
aligned  not alignable  too few reads   total
 523378          33867         325577  882822
2017-09-25 13:23:43,373 - INFO - Writing these stats to ./results/codoncounts/BF520-M1-PGT151-1ug_bcstats.csv

2017-09-25 13:23:43,389 - INFO - Writing the counts of each codon identity at each site to ./results/codoncounts/BF520-M1-PGT151-1ug_codoncounts.csv

2017-09-25 13:23:43,419 - INFO - Successful completion of dms2_bcsubamp
