2017-09-26 14:51:19,802 - INFO - Beginning execution of dms2_logoplot in directory /home/adingens

2017-09-26 14:51:19,802 - INFO - Progress is being logged to ./results/diffsel/avg_across_concentrations/6-1-G2-annotated.log
2017-09-26 14:51:20,477 - INFO - Version information:
	Time and date: Tue Sep 26 14:51:19 2017
	Platform: Linux-4.4.0-96-generic-x86_64-with-debian-stretch-sid
	Python version: 3.6.1 |Continuum Analytics, Inc.| (default, May 11 2017, 13:09:58)  [GCC 4.4.7 20120313 (Red Hat 4.4.7-1)]
	dms_tools2 version: 2.0a0
	Bio version: 1.70
	HTSeq version: 0.9.1
	pandas version: 0.20.3
	numpy version: 1.13.1
	IPython version: 6.2.0
	matplotlib version: 2.0.2
	plotnine version: 0.2.1
	natsort version: 5.1.0
	pystan version: 2.16.0.0
	scipy version: 0.19.1
	seaborn version: 0.8.1
	phydmslib version: 2.1.2
	jupyter version: 1.0.0

2017-09-26 14:51:20,477 - INFO - Parsed the following arguments:
	outdir = ./results/diffsel/avg_across_concentrations
	ncpus = -1
	use_existing = yes
	prefs = None
	diffsel = ./results/diffsel/avg_across_concentrations/summary_6-1-G2-meanmutdiffsel.csv
	name = 6-1-G2-annotated
	nperline = 83
	numberevery = 10
	excludestop = no
	stringency = 1
	restrictdiffsel = positive
	diffselrange = None
	sortsites = yes
	mapmetric = functionalgroup
	colormap = jet
	overlay1 = ['./results/diffsel/avg_across_concentrations/summary_6-1-G2-meanmutdiffsel.csv', 'wildtype', 'wildtype']
	overlay2 = ['./data/6_2_A12_JRCSF_logbase2.csv', 'JRCSF', 'Log2Fold JRCSF 6-2-A12']
	overlay3 = None
	underlay = yes
	overlaycolormap = YlOrRd
	letterheight = 1
	sepline = no

2017-09-26 14:51:20,477 - INFO - Reading diffsel from file ./results/diffsel/avg_across_concentrations/summary_6-1-G2-meanmutdiffsel.csv...
2017-09-26 14:51:20,491 - INFO - Read data for 661 sites.

2017-09-26 14:51:20,548 - INFO - Reading overlay for wildtype from ./results/diffsel/avg_across_concentrations/summary_6-1-G2-meanmutdiffsel.csv...
2017-09-26 14:51:20,613 - INFO - Read overlay for 661 sites.

2017-09-26 14:51:20,613 - INFO - Reading overlay for JRCSF from ./data/6_2_A12_JRCSF_logbase2.csv...
2017-09-26 14:51:20,617 - INFO - Read overlay for 111 sites.

2017-09-26 14:51:20,617 - INFO - Making logo plot ./results/diffsel/avg_across_concentrations/6-1-G2-annotated_diffsel.pdf...
2017-09-26 14:51:29,598 - INFO - Successfully created logo plot.

2017-09-26 14:51:29,598 - INFO - Successful completion of dms2_logoplot
