2017-09-26 12:25:10,247 - INFO - Beginning execution of dms2_diffsel in directory /home/adingens

2017-09-26 12:25:10,247 - INFO - Progress is being logged to ./results/diffsel/avg_across_concentrations/6-1-G2-0-17uM.log
2017-09-26 12:25:11,872 - INFO - Version information:
	Time and date: Tue Sep 26 12:25:10 2017
	Platform: Linux-4.4.0-96-generic-x86_64-with-debian-stretch-sid
	Python version: 3.6.1 |Continuum Analytics, Inc.| (default, May 11 2017, 13:09:58)  [GCC 4.4.7 20120313 (Red Hat 4.4.7-1)]
	dms_tools2 version: 2.0a0
	Bio version: 1.70
	HTSeq version: 0.9.1
	pandas version: 0.20.3
	numpy version: 1.13.1
	IPython version: 6.2.0
	matplotlib version: 2.0.2
	plotnine version: 0.2.1
	natsort version: 5.1.0
	pystan version: 2.16.0.0
	scipy version: 0.19.1
	seaborn version: 0.8.1
	phydmslib version: 2.1.2
	jupyter version: 1.0.0

2017-09-26 12:25:11,872 - INFO - Parsed the following arguments:
	outdir = ./results/diffsel/avg_across_concentrations
	ncpus = 3
	use_existing = yes
	indir = ./results/renumberedcounts
	chartype = codon_to_aa
	excludestop = yes
	pseudocount = 5.0
	mincount = 0
	name = 6-1-G2-0-17uM
	sel = BF520-M1-6-1-G2-0-17uM
	mock = BF520-M1-mock
	err = BF520-wt-1-mock

2017-09-26 12:25:11,873 - INFO - Reading selected sample counts from BF520-M1-6-1-G2-0-17uM
2017-09-26 12:25:11,882 - INFO - Reading mock-selected sample counts from BF520-M1-mock
2017-09-26 12:25:11,889 - INFO - Reading error-control sample counts from BF520-wt-1-mock
2017-09-26 12:25:11,895 - INFO - Computing mutdiffsel...
2017-09-26 12:25:15,942 - INFO - Mutations with largest mutdiffsel:
site wildtype mutation  mutdiffsel
693        I        M        2.62
598        C        Y        2.04
624        G        E        2.04
603        I        V        1.99
674        N        D        1.93
665        K        V        1.85
659        D        T        1.79
541        A        V        1.76
654        E        D        1.73
689        V        L        1.67

2017-09-26 12:25:15,942 - INFO - Writing to ./results/diffsel/avg_across_concentrations/6-1-G2-0-17uM_mutdiffsel.csv
2017-09-26 12:25:15,977 - INFO - Computing sitediffsel...
2017-09-26 12:25:15,995 - INFO - Sites with largest absolute sitediffsel:
site  abs_diffsel  positive_diffsel  negative_diffsel  max_diffsel  min_diffsel
625        19.62              0.02            -19.61         0.02        -2.61
644        15.80              5.58            -10.22         1.21        -2.35
648        14.11              3.35            -10.76         0.83        -1.76
637        13.75              2.56            -11.19         0.79        -1.82
636        12.38              1.35            -11.03         0.56        -2.10
665        12.37              5.68             -6.69         1.85        -1.33
632        11.52              2.03             -9.48         0.61        -1.28
677        11.28              4.39             -6.89         1.30        -1.27
694        10.90              4.63             -6.27         0.99        -1.68
659        10.58              7.43             -3.15         1.79        -1.13

2017-09-26 12:25:15,995 - INFO - Writing to ./results/diffsel/avg_across_concentrations/6-1-G2-0-17uM_sitediffsel.csv
2017-09-26 12:25:16,002 - INFO - Successful completion of dms2_diffsel
