2017-09-26 12:25:10,232 - INFO - Beginning execution of dms2_diffsel in directory /home/adingens

2017-09-26 12:25:10,232 - INFO - Progress is being logged to ./results/diffsel/avg_across_concentrations/PGT151-1ug.log
2017-09-26 12:25:11,838 - INFO - Version information:
	Time and date: Tue Sep 26 12:25:10 2017
	Platform: Linux-4.4.0-96-generic-x86_64-with-debian-stretch-sid
	Python version: 3.6.1 |Continuum Analytics, Inc.| (default, May 11 2017, 13:09:58)  [GCC 4.4.7 20120313 (Red Hat 4.4.7-1)]
	dms_tools2 version: 2.0a0
	Bio version: 1.70
	HTSeq version: 0.9.1
	pandas version: 0.20.3
	numpy version: 1.13.1
	IPython version: 6.2.0
	matplotlib version: 2.0.2
	plotnine version: 0.2.1
	natsort version: 5.1.0
	pystan version: 2.16.0.0
	scipy version: 0.19.1
	seaborn version: 0.8.1
	phydmslib version: 2.1.2
	jupyter version: 1.0.0

2017-09-26 12:25:11,838 - INFO - Parsed the following arguments:
	outdir = ./results/diffsel/avg_across_concentrations
	ncpus = 3
	use_existing = yes
	indir = ./results/renumberedcounts
	chartype = codon_to_aa
	excludestop = yes
	pseudocount = 5.0
	mincount = 0
	name = PGT151-1ug
	sel = BF520-M1-PGT151-1ug
	mock = BF520-M1-mock
	err = BF520-wt-1-mock

2017-09-26 12:25:11,838 - INFO - Reading selected sample counts from BF520-M1-PGT151-1ug
2017-09-26 12:25:11,848 - INFO - Reading mock-selected sample counts from BF520-M1-mock
2017-09-26 12:25:11,855 - INFO - Reading error-control sample counts from BF520-wt-1-mock
2017-09-26 12:25:11,863 - INFO - Computing mutdiffsel...
2017-09-26 12:25:16,146 - INFO - Mutations with largest mutdiffsel:
site wildtype mutation  mutdiffsel
613        S        N        4.41
613        S        G        3.95
613        S        A        3.92
613        S        R        3.74
613        S        K        3.72
613        S        V        3.70
613        S        L        3.63
641        I        K        3.45
612        S        P        3.44
641        I        R        3.33

2017-09-26 12:25:16,147 - INFO - Writing to ./results/diffsel/avg_across_concentrations/PGT151-1ug_mutdiffsel.csv
2017-09-26 12:25:16,182 - INFO - Computing sitediffsel...
2017-09-26 12:25:16,200 - INFO - Sites with largest absolute sitediffsel:
site  abs_diffsel  positive_diffsel  negative_diffsel  max_diffsel  min_diffsel
613        53.21             52.98             -0.23         4.41        -0.23
611        26.84             26.69             -0.15         3.29        -0.15
648        22.62             17.91             -4.71         3.18        -1.50
647        22.12             21.83             -0.29         2.97        -0.29
637        18.20             15.76             -2.44         3.03        -0.54
612        16.51             11.98             -4.53         3.44        -1.17
644        16.42              6.38            -10.04         3.21        -1.56
639        16.29             13.48             -2.82         2.51        -1.52
641        16.14             12.32             -3.82         3.45        -1.04
621        14.90             13.22             -1.68         2.32        -0.75

2017-09-26 12:25:16,200 - INFO - Writing to ./results/diffsel/avg_across_concentrations/PGT151-1ug_sitediffsel.csv
2017-09-26 12:25:16,207 - INFO - Successful completion of dms2_diffsel
