2017-09-26 12:25:08,664 - INFO - Beginning execution of dms2_batch_diffsel in directory /home/adingens

2017-09-26 12:25:08,664 - INFO - Progress is being logged to ./results/diffsel/avg_across_concentrations/summary.log
2017-09-26 12:25:09,295 - INFO - Version information:
	Time and date: Tue Sep 26 12:25:08 2017
	Platform: Linux-4.4.0-96-generic-x86_64-with-debian-stretch-sid
	Python version: 3.6.1 |Continuum Analytics, Inc.| (default, May 11 2017, 13:09:58)  [GCC 4.4.7 20120313 (Red Hat 4.4.7-1)]
	dms_tools2 version: 2.0a0
	Bio version: 1.70
	HTSeq version: 0.9.1
	pandas version: 0.20.3
	numpy version: 1.13.1
	IPython version: 6.2.0
	matplotlib version: 2.0.2
	plotnine version: 0.2.1
	natsort version: 5.1.0
	pystan version: 2.16.0.0
	scipy version: 0.19.1
	seaborn version: 0.8.1
	phydmslib version: 2.1.2
	jupyter version: 1.0.0

2017-09-26 12:25:09,296 - INFO - Parsed the following arguments:
	outdir = ./results/diffsel/avg_across_concentrations
	ncpus = -1
	use_existing = yes
	indir = ./results/renumberedcounts
	chartype = codon_to_aa
	excludestop = yes
	pseudocount = 5
	mincount = 0
	batchfile = ./results/diffsel/avg_across_concentrations/batch.csv
	summaryprefix = summary

2017-09-26 12:25:09,296 - INFO - Parsing info from ./results/diffsel/avg_across_concentrations/batch.csv
2017-09-26 12:25:09,301 - INFO - Read the following sample information:
group,name,sel,mock,err
PGT151,1ug,BF520-M1-PGT151-1ug,BF520-M1-mock,BF520-wt-1-mock
6-1-G2,0-17uM,BF520-M1-6-1-G2-0-17uM,BF520-M1-mock,BF520-wt-1-mock
6-1-G2,0-56uM,BF520-M1-6-1-G2-0-56uM,BF520-M1-mock,BF520-wt-1-mock
112-2-C11,0-17uM,BF520-M1-112-2-C11-0-17uM,BF520-M1-mock,BF520-wt-1-mock
112-2-C11,0-56uM,BF520-M1-112-2-C11-0-56uM,BF520-M1-mock,BF520-wt-1-mock


2017-09-26 12:25:09,303 - INFO - Running dms2_diffsel on all samples...
2017-09-26 12:25:16,629 - INFO - Completed runs of dms2_diffsel.

2017-09-26 12:25:16,651 - INFO - Analyzing the diffsel values for the 2 samples in group 6-1-G2.
2017-09-26 12:25:16,651 - INFO - Plotting mutdiffsel correlations to ./results/diffsel/avg_across_concentrations/summary_6-1-G2-mutdiffselcorr.pdf
2017-09-26 12:25:17,653 - INFO - Plotting absolutesitediffsel correlations to ./results/diffsel/avg_across_concentrations/summary_6-1-G2-absolutesitediffselcorr.pdf
2017-09-26 12:25:18,322 - INFO - Plotting positivesitediffsel correlations to ./results/diffsel/avg_across_concentrations/summary_6-1-G2-positivesitediffselcorr.pdf
2017-09-26 12:25:18,924 - INFO - Plotting maxmutdiffsel correlations to ./results/diffsel/avg_across_concentrations/summary_6-1-G2-maxmutdiffselcorr.pdf
2017-09-26 12:25:19,487 - INFO - Writing mean mutdiffsel to ./results/diffsel/avg_across_concentrations/summary_6-1-G2-meanmutdiffsel.csv
2017-09-26 12:25:19,581 - INFO - Writing mean sitediffsel to ./results/diffsel/avg_across_concentrations/summary_6-1-G2-meansitediffsel.csv
2017-09-26 12:25:19,601 - INFO - Writing median mutdiffsel to ./results/diffsel/avg_across_concentrations/summary_6-1-G2-medianmutdiffsel.csv
2017-09-26 12:25:19,771 - INFO - Writing median sitediffsel to ./results/diffsel/avg_across_concentrations/summary_6-1-G2-mediansitediffsel.csv
2017-09-26 12:25:19,793 - INFO - Analyzing the diffsel values for the 2 samples in group 112-2-C11.
2017-09-26 12:25:19,793 - INFO - Plotting mutdiffsel correlations to ./results/diffsel/avg_across_concentrations/summary_112-2-C11-mutdiffselcorr.pdf
2017-09-26 12:25:20,701 - INFO - Plotting absolutesitediffsel correlations to ./results/diffsel/avg_across_concentrations/summary_112-2-C11-absolutesitediffselcorr.pdf
2017-09-26 12:25:21,290 - INFO - Plotting positivesitediffsel correlations to ./results/diffsel/avg_across_concentrations/summary_112-2-C11-positivesitediffselcorr.pdf
2017-09-26 12:25:21,950 - INFO - Plotting maxmutdiffsel correlations to ./results/diffsel/avg_across_concentrations/summary_112-2-C11-maxmutdiffselcorr.pdf
2017-09-26 12:25:22,529 - INFO - Writing mean mutdiffsel to ./results/diffsel/avg_across_concentrations/summary_112-2-C11-meanmutdiffsel.csv
2017-09-26 12:25:22,624 - INFO - Writing mean sitediffsel to ./results/diffsel/avg_across_concentrations/summary_112-2-C11-meansitediffsel.csv
2017-09-26 12:25:22,645 - INFO - Writing median mutdiffsel to ./results/diffsel/avg_across_concentrations/summary_112-2-C11-medianmutdiffsel.csv
2017-09-26 12:25:22,738 - INFO - Writing median sitediffsel to ./results/diffsel/avg_across_concentrations/summary_112-2-C11-mediansitediffsel.csv
2017-09-26 12:25:22,760 - INFO - Analyzing the diffsel values for the 1 samples in group PGT151.
2017-09-26 12:25:22,760 - INFO - Writing mean mutdiffsel to ./results/diffsel/avg_across_concentrations/summary_PGT151-meanmutdiffsel.csv
2017-09-26 12:25:22,830 - INFO - Writing mean sitediffsel to ./results/diffsel/avg_across_concentrations/summary_PGT151-meansitediffsel.csv
2017-09-26 12:25:22,850 - INFO - Writing median mutdiffsel to ./results/diffsel/avg_across_concentrations/summary_PGT151-medianmutdiffsel.csv
2017-09-26 12:25:22,919 - INFO - Writing median sitediffsel to ./results/diffsel/avg_across_concentrations/summary_PGT151-mediansitediffsel.csv
2017-09-26 12:25:22,939 - INFO - Plotting mean positive diffsel to ./results/diffsel/avg_across_concentrations/summary_meanpositivediffsel.pdf
2017-09-26 12:25:23,690 - INFO - Plotting mean total diffsel to ./results/diffsel/avg_across_concentrations/summary_meantotaldiffsel.pdf
2017-09-26 12:25:24,539 - INFO - Plotting mean max diffsel to ./results/diffsel/avg_across_concentrations/summary_meanmaxdiffsel.pdf
2017-09-26 12:25:25,254 - INFO - Plotting mean minmax diffsel to ./results/diffsel/avg_across_concentrations/summary_meanminmaxdiffsel.pdf
2017-09-26 12:25:26,166 - INFO - Plotting median positive diffsel to ./results/diffsel/avg_across_concentrations/summary_medianpositivediffsel.pdf
2017-09-26 12:25:26,848 - INFO - Plotting median total diffsel to ./results/diffsel/avg_across_concentrations/summary_mediantotaldiffsel.pdf
2017-09-26 12:25:27,791 - INFO - Plotting median max diffsel to ./results/diffsel/avg_across_concentrations/summary_medianmaxdiffsel.pdf
2017-09-26 12:25:28,520 - INFO - Plotting median minmax diffsel to ./results/diffsel/avg_across_concentrations/summary_medianminmaxdiffsel.pdf
2017-09-26 12:25:29,370 - INFO - Successful completion of dms2_batch_diffsel
